# JRE version: OpenJDK Runtime Environment Microsoft-9889599 (17.0.12+7) (build 17.0.12+7-LTS)
# Java VM: OpenJDK 64-Bit Server VM Microsoft-9889599 (17.0.12+7-LTS, mixed mode, sharing, tiered, compressed oops, compressed class ptrs, g1 gc, windows-amd64)
GC Precious Log:
 CPUs: 12 total, 12 available
 Memory: 16299M
 Large Page Support: Disabled
 NUMA Support: Disabled
 Compressed Oops: Enabled (32-bit)
 Heap Region Size: 1M
 Heap Min Capacity: 8M
 Heap Initial Capacity: 256M
 Heap Max Capacity: 2G
 Pre-touch: Disabled
 Parallel Workers: 10
 Concurrent Workers: 3
 Concurrent Refinement Workers: 10
 Periodic GC: Disabled
Heap:
 garbage-first heap   total 348160K, used 227182K [0x0000000080000000, 0x0000000100000000)
  region size 1024K, 23 young (23552K), 3 survivors (3072K)
 Metaspace       used 115282K, committed 116416K, reserved 557056K
  class space    used 15817K, committed 16384K, reserved 425984K
GC Heap History (20 events):
Event: 23.628 GC heap before
{Heap before GC invocations=48 (full 0):
 garbage-first heap   total 268288K, used 222341K [0x0000000080000000, 0x0000000100000000)
  region size 1024K, 60 young (61440K), 8 survivors (8192K)
 Metaspace       used 110989K, committed 112064K, reserved 557056K
  class space    used 15412K, committed 15936K, reserved 425984K
}
Event: 23.637 GC heap after
{Heap after GC invocations=49 (full 0):
 garbage-first heap   total 268288K, used 176986K [0x0000000080000000, 0x0000000100000000)
  region size 1024K, 7 young (7168K), 7 survivors (7168K)
 Metaspace       used 110989K, committed 112064K, reserved 557056K
  class space    used 15412K, committed 15936K, reserved 425984K
}
Event: 23.736 GC heap before
{Heap before GC invocations=49 (full 0):
 garbage-first heap   total 268288K, used 225114K [0x0000000080000000, 0x0000000100000000)
  region size 1024K, 53 young (54272K), 7 survivors (7168K)
 Metaspace       used 111075K, committed 112128K, reserved 557056K
  class space    used 15426K, committed 15936K, reserved 425984K
}
Event: 23.741 GC heap after
{Heap after GC invocations=50 (full 0):
 garbage-first heap   total 268288K, used 180670K [0x0000000080000000, 0x0000000100000000)
  region size 1024K, 2 young (2048K), 2 survivors (2048K)
 Metaspace       used 111075K, committed 112128K, reserved 557056K
  class space    used 15426K, committed 15936K, reserved 425984K
}
Event: 23.807 GC heap before
{Heap before GC invocations=50 (full 0):
 garbage-first heap   total 268288K, used 226750K [0x0000000080000000, 0x0000000100000000)
  region size 1024K, 47 young (48128K), 2 survivors (2048K)
 Metaspace       used 111075K, committed 112128K, reserved 557056K
  class space    used 15426K, committed 15936K, reserved 425984K
}
Event: 23.809 GC heap after
{Heap after GC invocations=51 (full 0):
 garbage-first heap   total 268288K, used 180752K [0x0000000080000000, 0x0000000100000000)
  region size 1024K, 2 young (2048K), 2 survivors (2048K)
 Metaspace       used 111075K, committed 112128K, reserved 557056K
  class space    used 15426K, committed 15936K, reserved 425984K
}
Event: 23.872 GC heap before
{Heap before GC invocations=51 (full 0):
 garbage-first heap   total 268288K, used 228880K [0x0000000080000000, 0x0000000100000000)
  region size 1024K, 49 young (50176K), 2 survivors (2048K)
 Metaspace       used 111075K, committed 112128K, reserved 557056K
  class space    used 15426K, committed 15936K, reserved 425984K
}
Event: 23.874 GC heap after
{Heap after GC invocations=52 (full 0):
 garbage-first heap   total 268288K, used 181440K [0x0000000080000000, 0x0000000100000000)
  region size 1024K, 3 young (3072K), 3 survivors (3072K)
 Metaspace       used 111075K, committed 112128K, reserved 557056K
  class space    used 15426K, committed 15936K, reserved 425984K
}
Event: 24.097 GC heap before
{Heap before GC invocations=52 (full 0):
 garbage-first heap   total 268288K, used 227520K [0x0000000080000000, 0x0000000100000000)
  region size 1024K, 45 young (46080K), 3 survivors (3072K)
 Metaspace       used 112076K, committed 113088K, reserved 557056K
  class space    used 15480K, committed 16000K, reserved 425984K
}
Event: 24.100 GC heap after
{Heap after GC invocations=53 (full 0):
 garbage-first heap   total 348160K, used 179423K [0x0000000080000000, 0x0000000100000000)
  region size 1024K, 2 young (2048K), 2 survivors (2048K)
 Metaspace       used 112076K, committed 113088K, reserved 557056K
  class space    used 15480K, committed 16000K, reserved 425984K
}
Event: 26.529 GC heap before
{Heap before GC invocations=54 (full 0):
 garbage-first heap   total 348160K, used 295135K [0x0000000080000000, 0x0000000100000000)
  region size 1024K, 116 young (118784K), 2 survivors (2048K)
 Metaspace       used 112661K, committed 113792K, reserved 557056K
  class space    used 15565K, committed 16128K, reserved 425984K
}
Event: 26.534 GC heap after
{Heap after GC invocations=55 (full 0):
 garbage-first heap   total 348160K, used 183213K [0x0000000080000000, 0x0000000100000000)
  region size 1024K, 7 young (7168K), 7 survivors (7168K)
 Metaspace       used 112661K, committed 113792K, reserved 557056K
  class space    used 15565K, committed 16128K, reserved 425984K
}
Event: 26.770 GC heap before
{Heap before GC invocations=55 (full 0):
 garbage-first heap   total 348160K, used 193453K [0x0000000080000000, 0x0000000100000000)
  region size 1024K, 17 young (17408K), 7 survivors (7168K)
 Metaspace       used 112662K, committed 113792K, reserved 557056K
  class space    used 15565K, committed 16128K, reserved 425984K
}
Event: 26.774 GC heap after
{Heap after GC invocations=56 (full 0):
 garbage-first heap   total 348160K, used 178658K [0x0000000080000000, 0x0000000100000000)
  region size 1024K, 3 young (3072K), 3 survivors (3072K)
 Metaspace       used 112662K, committed 113792K, reserved 557056K
  class space    used 15565K, committed 16128K, reserved 425984K
}
Event: 30.289 GC heap before
{Heap before GC invocations=56 (full 0):
 garbage-first heap   total 348160K, used 294370K [0x0000000080000000, 0x0000000100000000)
  region size 1024K, 116 young (118784K), 3 survivors (3072K)
 Metaspace       used 112662K, committed 113792K, reserved 557056K
  class space    used 15565K, committed 16128K, reserved 425984K
}
Event: 30.292 GC heap after
{Heap after GC invocations=57 (full 0):
 garbage-first heap   total 348160K, used 181513K [0x0000000080000000, 0x0000000100000000)
  region size 1024K, 6 young (6144K), 6 survivors (6144K)
 Metaspace       used 112662K, committed 113792K, reserved 557056K
  class space    used 15565K, committed 16128K, reserved 425984K
}
Event: 32.650 GC heap before
{Heap before GC invocations=58 (full 0):
 garbage-first heap   total 348160K, used 298249K [0x0000000080000000, 0x0000000100000000)
  region size 1024K, 117 young (119808K), 6 survivors (6144K)
 Metaspace       used 115083K, committed 116224K, reserved 557056K
  class space    used 15807K, committed 16384K, reserved 425984K
}
Event: 32.664 GC heap after
{Heap after GC invocations=59 (full 0):
 garbage-first heap   total 348160K, used 207727K [0x0000000080000000, 0x0000000100000000)
  region size 1024K, 15 young (15360K), 15 survivors (15360K)
 Metaspace       used 115083K, committed 116224K, reserved 557056K
  class space    used 15807K, committed 16384K, reserved 425984K
}
Event: 32.677 GC heap before
{Heap before GC invocations=59 (full 0):
 garbage-first heap   total 348160K, used 209775K [0x0000000080000000, 0x0000000100000000)
  region size 1024K, 17 young (17408K), 15 survivors (15360K)
 Metaspace       used 115083K, committed 116224K, reserved 557056K
  class space    used 15807K, committed 16384K, reserved 425984K
}
Event: 32.686 GC heap after
{Heap after GC invocations=60 (full 0):
 garbage-first heap   total 348160K, used 207726K [0x0000000080000000, 0x0000000100000000)
  region size 1024K, 3 young (3072K), 3 survivors (3072K)
 Metaspace       used 115083K, committed 116224K, reserved 557056K
  class space    used 15807K, committed 16384K, reserved 425984K
}

